SF:lib/Modelos/categoria.dart
DA:6,12
DA:13,2
DA:14,2
DA:15,2
DA:16,2
DA:17,2
DA:22,2
DA:23,2
DA:24,2
DA:25,2
DA:26,2
LF:11
LH:11
end_of_record
SF:lib/Modelos/categoria_service.dart
DA:5,15
DA:6,5
DA:7,5
DA:8,5
DA:9,5
DA:10,5
DA:11,5
DA:12,5
DA:13,5
DA:14,5
DA:19,5
DA:20,5
DA:21,5
DA:24,15
DA:25,5
DA:26,5
DA:27,5
DA:28,5
DA:29,5
DA:30,5
DA:31,5
DA:32,5
DA:33,5
DA:34,5
DA:35,5
DA:36,5
DA:37,5
DA:38,5
DA:39,5
DA:40,5
DA:41,5
DA:42,5
DA:43,5
DA:44,5
DA:45,5
DA:46,5
DA:47,5
DA:48,5
DA:52,18
DA:55,2
DA:56,2
DA:57,2
DA:58,7
DA:62,2
DA:63,2
DA:64,2
DA:65,7
DA:70,3
DA:71,3
DA:72,3
DA:73,3
DA:74,3
DA:79,1
DA:80,1
DA:81,1
DA:83,1
DA:88,2
DA:89,4
DA:93,2
DA:98,4
DA:99,8
DA:101,4
DA:102,8
DA:108,4
DA:109,8
DA:111,4
DA:112,2
DA:119,1
DA:120,1
DA:124,2
DA:125,5
DA:126,3
DA:130,2
DA:131,10
DA:132,5
LF:75
LH:75
end_of_record
SF:lib/Modelos/transaccion.dart
DA:11,7
DA:20,1
DA:21,1
DA:22,1
DA:23,1
DA:24,1
DA:25,2
DA:26,2
DA:27,1
DA:31,2
DA:32,2
DA:33,2
DA:34,2
DA:35,2
DA:36,2
DA:37,4
DA:38,2
DA:42,1
DA:43,1
DA:44,1
DA:45,1
DA:46,1
DA:47,2
DA:48,2
DA:49,1
LF:25
LH:25
end_of_record
SF:lib/Servicios/database_helper.dart
DA:8,18
DA:13,12
DA:15,6
DA:17,6
DA:18,6
DA:19,1
DA:21,5
DA:25,5
DA:26,8
DA:27,6
DA:30,0
DA:31,0
DA:45,2
DA:46,2
DA:47,2
DA:48,1
DA:49,1
DA:50,1
DA:51,2
DA:52,1
DA:53,2
DA:54,2
DA:55,2
DA:59,5
DA:60,5
DA:61,3
DA:63,8
DA:64,2
DA:65,4
DA:66,4
DA:67,4
DA:68,6
DA:69,4
DA:70,2
DA:71,4
DA:72,4
DA:73,4
DA:79,1
DA:80,1
DA:81,2
DA:84,1
DA:85,1
DA:86,2
DA:87,1
DA:88,2
DA:91,2
DA:92,2
DA:93,2
DA:95,2
DA:96,2
DA:97,2
DA:98,4
DA:99,2
DA:100,4
DA:101,4
DA:102,4
DA:105,4
DA:109,2
DA:110,2
DA:112,4
DA:113,6
DA:115,2
DA:118,2
DA:121,6
DA:122,2
DA:123,4
DA:124,4
DA:125,4
DA:126,6
DA:127,4
DA:128,2
DA:129,4
DA:130,4
DA:131,4
DA:136,6
DA:137,2
DA:142,1
DA:143,1
DA:147,1
DA:148,1
LF:80
LH:78
end_of_record
SF:lib/Servicios/gestor_finanzas.dart
DA:7,12
DA:13,4
DA:14,4
DA:17,4
DA:19,4
DA:21,10
DA:23,9
DA:27,1
DA:28,2
DA:30,1
DA:32,1
DA:36,1
DA:37,2
DA:39,1
DA:41,1
DA:43,2
DA:47,1
DA:48,2
DA:50,1
DA:53,1
DA:57,1
DA:59,2
DA:60,5
DA:61,2
DA:62,2
DA:65,0
DA:70,1
DA:71,6
DA:74,1
DA:75,1
DA:76,5
DA:77,1
DA:80,1
DA:81,1
DA:82,4
DA:83,4
DA:86,1
DA:87,1
DA:88,6
DA:89,3
DA:90,5
DA:96,1
DA:97,1
DA:99,1
DA:100,1
DA:101,1
DA:102,1
DA:103,4
DA:104,4
DA:105,4
DA:107,1
DA:108,1
DA:109,0
DA:110,0
DA:111,0
DA:112,0
DA:113,0
DA:114,0
DA:116,0
DA:118,0
DA:119,1
DA:120,1
DA:121,1
DA:122,9
DA:124,1
DA:125,1
DA:126,8
DA:128,1
DA:132,1
DA:134,3
DA:136,0
DA:141,1
LF:72
LH:62
end_of_record
SF:lib/pages/principal_pages.dart
DA:10,2
DA:11,1
DA:13,2
DA:15,2
DA:16,2
DA:25,2
DA:27,2
DA:28,4
DA:29,2
DA:30,2
DA:33,2
DA:35,2
DA:36,2
DA:39,2
DA:40,2
DA:41,2
DA:42,4
DA:43,4
DA:47,2
DA:49,4
DA:50,2
DA:53,0
DA:55,0
DA:56,0
DA:60,2
DA:61,4
DA:62,2
DA:63,2
DA:64,3
DA:68,2
DA:69,4
DA:70,4
DA:72,0
DA:79,2
DA:82,2
DA:84,2
DA:87,0
DA:88,0
DA:90,0
DA:91,0
DA:92,0
DA:94,0
DA:95,0
DA:97,0
DA:98,0
DA:100,0
DA:101,0
DA:104,0
DA:106,0
DA:107,0
DA:109,0
DA:110,0
DA:115,0
DA:116,0
DA:118,0
DA:123,2
DA:126,2
DA:130,2
DA:131,2
DA:132,2
DA:133,2
DA:134,2
DA:140,2
DA:144,2
DA:145,2
DA:149,2
DA:151,0
DA:166,2
DA:168,0
DA:175,2
DA:179,2
DA:194,2
DA:196,0
DA:204,2
DA:209,0
DA:215,0
DA:217,0
DA:218,0
DA:219,0
DA:221,0
DA:224,0
DA:226,0
DA:236,1
DA:237,1
DA:238,1
DA:242,1
DA:243,1
DA:246,1
DA:247,1
DA:248,1
DA:249,1
DA:252,1
DA:253,1
DA:256,0
DA:257,0
DA:258,0
DA:262,0
DA:263,0
DA:264,0
DA:267,0
DA:268,0
DA:269,0
DA:270,0
DA:293,1
DA:294,1
DA:297,1
DA:298,1
DA:301,0
DA:302,0
DA:303,0
DA:307,0
DA:308,0
DA:309,0
DA:310,0
DA:314,0
DA:315,0
DA:316,0
DA:317,0
DA:339,1
DA:341,1
DA:342,1
DA:345,1
DA:347,0
DA:348,0
DA:361,2
DA:363,2
DA:370,2
DA:372,2
DA:373,2
DA:374,2
DA:376,2
DA:378,2
DA:380,2
DA:390,2
DA:392,2
DA:394,2
DA:395,2
DA:396,2
DA:403,2
DA:404,2
DA:417,2
DA:421,2
DA:422,2
DA:424,8
DA:425,2
DA:427,2
DA:429,2
DA:430,2
DA:433,2
DA:435,2
DA:437,2
DA:446,2
DA:447,0
DA:457,2
DA:459,2
DA:460,2
DA:461,2
DA:462,6
DA:473,2
DA:475,2
DA:477,2
DA:478,2
DA:482,4
DA:486,2
DA:490,4
DA:510,2
DA:512,2
DA:514,6
DA:515,4
DA:516,2
DA:517,1
DA:518,2
DA:519,1
DA:521,1
DA:523,2
DA:528,2
DA:530,2
DA:532,2
DA:534,2
DA:542,2
DA:547,2
DA:550,8
DA:552,2
DA:554,2
DA:555,2
DA:556,2
DA:557,2
DA:562,2
DA:563,2
DA:567,2
DA:569,2
DA:571,2
DA:573,2
DA:574,2
DA:608,2
DA:615,2
DA:617,2
DA:618,2
DA:623,2
DA:639,2
DA:641,2
DA:648,2
DA:655,2
DA:656,2
DA:657,2
DA:659,2
DA:660,2
DA:663,2
DA:665,2
DA:666,2
DA:668,2
DA:675,2
DA:676,2
DA:677,2
DA:690,2
DA:695,2
DA:696,2
DA:697,2
DA:700,2
DA:701,2
DA:702,2
DA:703,4
DA:705,4
DA:708,2
DA:710,2
LF:225
LH:167
end_of_record
SF:lib/main.dart
DA:11,0
DA:12,0
DA:13,0
DA:15,0
DA:16,0
DA:18,0
DA:23,1
DA:25,1
DA:26,1
DA:30,1
DA:32,1
DA:35,2
DA:36,1
DA:37,1
DA:38,1
DA:40,1
DA:54,13
DA:56,1
DA:57,1
DA:66,1
DA:68,1
DA:69,2
DA:70,0
DA:71,0
DA:72,0
DA:75,0
DA:79,0
DA:80,0
DA:81,0
DA:83,0
DA:84,0
DA:88,1
DA:90,1
DA:91,1
DA:92,1
DA:93,3
DA:94,1
DA:96,3
DA:97,1
DA:98,3
DA:101,1
DA:102,2
DA:103,5
DA:106,1
DA:107,1
DA:109,3
DA:110,1
DA:111,1
DA:113,1
DA:114,1
DA:116,1
DA:117,0
DA:125,2
DA:126,1
DA:130,1
DA:131,1
LF:56
LH:40
end_of_record
SF:lib/pages/side_menu.dart
DA:5,13
DA:7,2
DA:9,2
DA:10,2
DA:11,2
DA:12,2
DA:38,2
DA:39,2
DA:41,2
DA:42,2
DA:43,2
DA:57,1
DA:58,1
DA:60,2
LF:14
LH:14
end_of_record
SF:lib/pages/registro_pages.dart
DA:6,25
DA:8,2
DA:9,2
DA:16,2
DA:18,2
DA:20,5
DA:21,2
DA:22,4
DA:27,0
DA:28,0
DA:29,0
DA:30,0
DA:31,0
DA:32,0
DA:37,2
DA:39,2
DA:41,2
DA:42,2
DA:43,2
DA:45,2
DA:47,2
DA:50,2
DA:51,2
DA:55,0
DA:56,0
DA:62,2
DA:64,2
DA:73,2
DA:74,2
DA:75,2
DA:77,4
DA:79,2
DA:80,2
DA:81,2
DA:92,2
DA:95,2
DA:96,3
DA:97,2
DA:99,2
DA:100,2
DA:101,2
DA:104,2
DA:106,2
DA:122,2
DA:124,4
DA:125,4
DA:126,2
LF:47
LH:39
end_of_record
SF:lib/pages/transfer_history.dart
DA:10,13
DA:12,1
DA:13,1
DA:23,1
DA:25,1
DA:26,1
DA:29,1
DA:30,2
DA:31,2
DA:36,1
DA:39,1
DA:40,1
DA:42,2
DA:43,1
DA:44,1
DA:46,1
DA:48,2
DA:49,1
DA:50,1
DA:53,2
DA:57,1
DA:62,1
DA:63,1
DA:64,2
DA:67,1
DA:68,0
DA:69,0
DA:70,0
DA:72,0
DA:73,0
DA:74,0
DA:77,1
DA:79,1
DA:82,0
DA:83,0
DA:84,0
DA:85,0
DA:89,0
DA:90,0
DA:93,0
DA:98,0
DA:99,0
DA:100,0
DA:101,0
DA:102,0
DA:103,0
DA:104,0
DA:108,0
DA:116,0
DA:117,0
DA:123,0
DA:124,0
DA:125,0
DA:127,0
DA:132,0
DA:133,0
DA:134,0
DA:137,0
DA:138,0
DA:139,0
DA:145,0
DA:147,0
DA:148,0
DA:152,0
DA:156,1
DA:158,1
DA:160,1
DA:161,1
DA:162,1
DA:164,1
DA:181,1
DA:183,1
DA:184,1
DA:185,1
DA:186,1
DA:187,1
DA:190,1
DA:191,1
DA:198,1
DA:199,2
DA:200,1
DA:206,1
DA:212,0
DA:213,0
DA:215,0
DA:216,0
DA:217,0
DA:220,0
DA:221,0
DA:226,1
DA:227,0
DA:230,0
DA:231,0
DA:232,0
DA:240,1
DA:241,1
DA:246,1
DA:247,1
DA:249,1
DA:251,1
DA:254,3
DA:255,1
DA:256,1
DA:257,2
DA:258,1
DA:262,1
DA:267,1
DA:269,2
DA:276,1
DA:277,1
DA:279,1
DA:281,1
DA:283,2
DA:285,1
DA:291,1
DA:295,1
DA:296,1
DA:298,1
DA:299,3
DA:300,2
DA:301,0
DA:303,0
DA:304,0
DA:309,0
DA:310,0
DA:311,0
DA:313,0
DA:314,0
DA:315,0
DA:317,0
DA:319,0
DA:321,0
DA:322,0
DA:326,0
DA:327,0
DA:330,0
DA:333,0
DA:340,0
DA:341,0
DA:344,0
DA:347,0
DA:353,0
DA:354,0
DA:356,0
DA:357,0
DA:358,0
DA:363,0
DA:364,0
DA:370,0
DA:371,0
DA:372,0
DA:374,0
DA:376,0
DA:377,0
DA:378,0
DA:379,0
DA:383,0
LF:157
LH:72
end_of_record
SF:lib/pages/estadisticas.dart
DA:11,2
DA:14,2
DA:15,1
DA:17,1
DA:18,1
DA:34,1
DA:36,1
DA:38,3
DA:41,1
DA:44,1
DA:46,1
DA:47,1
DA:49,1
DA:51,2
DA:52,1
DA:53,2
DA:54,3
DA:55,1
DA:60,1
DA:61,2
DA:62,2
DA:66,2
DA:71,1
DA:72,3
DA:76,1
DA:77,1
DA:79,1
DA:80,1
DA:81,1
DA:82,1
DA:83,4
DA:84,4
DA:85,4
DA:87,1
DA:88,1
DA:89,4
DA:90,1
DA:91,1
DA:92,1
DA:93,1
DA:94,4
DA:96,1
DA:97,1
DA:98,1
DA:99,1
DA:100,9
DA:102,1
DA:103,1
DA:104,8
DA:108,1
DA:112,5
DA:113,1
DA:114,2
DA:115,8
DA:121,1
DA:122,2
DA:123,2
DA:124,2
DA:126,1
DA:128,1
DA:129,1
DA:130,2
DA:133,2
DA:134,4
DA:135,2
DA:137,2
DA:138,2
DA:141,1
DA:142,2
DA:143,1
DA:144,1
DA:146,2
DA:147,3
DA:148,5
DA:149,5
DA:151,1
DA:152,1
DA:155,1
DA:157,1
DA:171,1
DA:172,1
DA:174,2
DA:175,4
DA:176,3
DA:177,5
DA:178,5
DA:181,1
DA:182,1
DA:185,1
DA:186,1
DA:187,2
DA:189,4
DA:191,1
DA:192,1
DA:193,2
DA:194,3
DA:195,2
DA:196,1
DA:197,5
DA:198,5
DA:201,1
DA:202,1
DA:253,1
DA:257,4
DA:258,2
DA:261,3
DA:262,3
DA:263,3
DA:264,1
DA:265,1
DA:266,1
DA:267,2
DA:276,1
DA:279,1
DA:280,1
DA:281,4
DA:282,1
DA:283,1
DA:285,1
DA:286,1
DA:287,2
DA:288,1
DA:291,1
DA:292,2
DA:293,1
DA:304,1
DA:305,4
DA:306,1
DA:311,1
DA:315,3
DA:316,3
DA:317,1
DA:318,1
DA:320,1
DA:321,1
DA:323,5
DA:326,1
DA:386,1
DA:390,4
DA:391,1
DA:395,1
DA:397,3
DA:398,3
DA:399,1
DA:400,1
DA:402,1
DA:403,1
DA:404,1
DA:408,1
DA:413,1
DA:414,1
DA:415,1
DA:419,1
DA:420,3
DA:426,1
DA:431,1
DA:432,1
DA:439,1
DA:440,5
DA:441,1
DA:443,1
DA:451,2
DA:452,2
DA:454,1
DA:456,1
DA:458,1
DA:459,2
DA:461,1
DA:466,1
DA:467,2
DA:473,1
DA:474,7
DA:477,1
DA:478,3
DA:479,1
DA:511,1
DA:513,2
DA:514,4
DA:517,2
DA:518,4
DA:520,1
DA:522,1
DA:523,2
DA:526,1
DA:528,2
DA:529,1
DA:533,1
DA:538,1
DA:550,1
DA:552,1
DA:553,1
DA:563,1
DA:564,1
DA:565,1
DA:568,1
DA:569,2
DA:570,1
DA:572,1
DA:575,2
DA:596,1
DA:597,1
DA:599,1
DA:601,1
DA:603,1
DA:605,1
DA:606,1
DA:607,1
DA:610,3
DA:611,1
DA:613,1
DA:614,1
DA:615,1
DA:617,1
DA:619,1
DA:620,1
DA:621,1
DA:622,1
DA:624,1
DA:631,1
DA:633,1
DA:641,1
DA:642,6
DA:655,1
DA:657,1
DA:665,1
DA:666,1
DA:667,1
DA:670,3
DA:671,1
DA:673,1
DA:674,1
DA:675,1
DA:677,1
DA:679,1
DA:680,1
DA:681,1
DA:682,1
DA:684,1
DA:691,1
DA:693,1
DA:701,1
DA:702,6
DA:715,1
DA:717,1
DA:724,1
DA:726,3
DA:730,2
DA:732,2
DA:738,1
DA:740,1
DA:742,1
DA:744,1
DA:745,1
DA:746,4
DA:756,1
DA:758,1
DA:759,1
DA:760,1
DA:761,1
DA:762,1
DA:766,1
DA:767,1
DA:768,2
DA:771,1
DA:773,1
DA:775,1
DA:776,1
DA:788,1
DA:789,1
DA:792,1
DA:793,1
DA:794,1
DA:795,3
DA:798,1
DA:800,1
DA:801,2
DA:820,1
DA:821,1
DA:822,1
DA:826,1
DA:828,0
DA:829,0
DA:837,2
DA:843,1
DA:845,1
DA:847,1
DA:849,1
DA:851,1
DA:852,1
DA:854,3
DA:862,1
DA:864,2
DA:866,1
DA:867,1
DA:868,1
DA:869,1
DA:872,2
DA:912,1
DA:913,1
DA:914,4
DA:915,5
DA:918,2
DA:919,4
DA:921,1
DA:923,1
DA:925,1
DA:926,1
DA:927,1
DA:932,1
DA:935,2
DA:942,1
DA:944,1
DA:945,1
DA:946,1
DA:947,2
DA:949,1
DA:950,2
DA:959,1
DA:960,1
DA:961,1
DA:965,3
DA:967,4
DA:968,1
DA:970,3
DA:971,0
DA:972,0
DA:973,0
DA:975,0
DA:976,0
DA:989,2
DA:990,2
DA:991,1
DA:993,1
DA:994,2
DA:1006,1
DA:1007,1
DA:1010,1
DA:1011,1
DA:1012,4
DA:1015,1
DA:1017,1
DA:1018,2
DA:1033,1
DA:1034,1
DA:1037,3
DA:1039,1
DA:1040,4
DA:1046,1
DA:1051,1
DA:1053,1
DA:1055,1
DA:1061,1
DA:1063,1
DA:1064,3
DA:1065,1
DA:1071,1
DA:1073,1
DA:1074,1
DA:1075,1
DA:1076,3
DA:1081,2
DA:1083,1
DA:1085,1
DA:1086,1
DA:1087,1
DA:1095,1
DA:1097,1
DA:1104,1
DA:1105,2
DA:1114,1
DA:1116,1
DA:1123,1
DA:1124,2
DA:1144,0
DA:1145,0
DA:1146,0
DA:1148,0
DA:1149,0
LF:378
LH:366
end_of_record
SF:lib/pages/user_page.dart
DA:10,13
DA:12,2
DA:13,2
DA:20,2
DA:22,2
DA:23,2
DA:26,2
DA:27,2
DA:28,4
DA:29,4
DA:30,2
DA:32,0
DA:37,1
DA:38,1
DA:39,1
DA:40,2
DA:41,1
DA:45,2
DA:46,0
DA:50,1
DA:51,2
DA:55,0
DA:56,0
DA:57,0
DA:58,0
DA:59,0
DA:63,0
DA:64,0
DA:65,0
DA:67,0
DA:68,0
DA:72,1
DA:73,1
DA:74,1
DA:75,1
DA:76,1
DA:79,1
DA:80,1
DA:81,1
DA:82,1
DA:83,1
DA:87,1
DA:88,0
DA:89,0
DA:90,0
DA:100,1
DA:101,1
DA:102,0
DA:103,0
DA:104,0
DA:105,0
DA:106,0
DA:108,0
DA:109,0
DA:110,0
DA:111,0
DA:112,0
DA:122,3
DA:128,1
DA:129,1
DA:130,1
DA:132,1
DA:133,1
DA:134,1
DA:135,1
DA:137,1
DA:143,1
DA:144,1
DA:145,1
DA:146,1
DA:150,1
DA:151,1
DA:152,2
DA:162,0
DA:163,0
DA:165,0
DA:168,0
DA:169,0
DA:172,0
DA:173,0
DA:174,0
DA:175,0
DA:176,0
DA:181,1
DA:182,1
DA:183,1
DA:184,1
DA:185,1
DA:190,1
DA:191,1
DA:192,1
DA:193,1
DA:197,1
DA:198,0
DA:199,0
DA:200,0
DA:210,2
DA:212,2
DA:213,2
DA:214,2
DA:216,2
DA:229,2
DA:230,2
DA:232,2
DA:234,2
DA:235,2
DA:236,2
DA:238,2
DA:239,2
DA:242,2
DA:250,2
DA:271,2
DA:272,2
DA:281,2
DA:282,2
DA:285,2
DA:286,2
DA:289,2
DA:300,2
DA:301,2
DA:304,2
DA:305,2
DA:308,2
LF:123
LH:85
end_of_record
SF:lib/pages/categoria_form.dart
DA:8,13
DA:10,2
DA:11,2
DA:26,2
DA:28,2
DA:29,4
DA:30,5
DA:31,4
DA:32,4
DA:36,1
DA:37,3
DA:38,1
DA:39,2
DA:40,1
DA:41,1
DA:45,2
DA:47,3
DA:49,0
DA:52,0
DA:54,3
DA:63,1
DA:64,3
DA:67,2
DA:72,2
DA:74,2
DA:77,2
DA:80,2
DA:82,0
DA:89,2
DA:90,2
DA:91,2
DA:97,2
DA:99,2
DA:100,2
DA:101,2
DA:103,2
DA:105,2
DA:106,2
DA:108,2
DA:109,2
DA:111,2
DA:112,2
DA:119,2
DA:122,8
DA:123,2
DA:125,8
DA:126,2
DA:128,2
DA:129,2
DA:132,2
DA:133,2
DA:134,2
DA:136,2
DA:137,2
DA:147,2
DA:150,2
DA:151,0
DA:167,2
DA:168,2
DA:169,2
DA:171,2
DA:173,2
DA:174,2
DA:175,2
DA:176,4
DA:178,2
DA:179,2
DA:180,4
DA:183,1
DA:184,1
DA:192,2
DA:193,2
DA:195,2
DA:196,2
DA:197,2
DA:198,4
DA:200,2
DA:201,2
DA:205,6
DA:206,2
DA:208,2
DA:209,2
DA:213,2
DA:214,0
DA:216,0
DA:223,2
DA:224,2
DA:226,2
DA:227,2
DA:228,2
DA:229,4
DA:231,2
DA:232,2
DA:236,6
DA:237,2
DA:239,2
DA:241,2
DA:242,0
DA:244,0
DA:251,2
DA:252,2
DA:254,2
DA:256,2
DA:257,2
LF:104
LH:96
end_of_record
SF:lib/pages/categorias_pages.dart
DA:7,13
DA:9,2
DA:10,2
DA:16,2
DA:18,2
DA:19,2
DA:22,2
DA:23,4
DA:24,4
DA:28,1
DA:30,2
DA:31,3
DA:40,0
DA:41,0
DA:42,0
DA:43,0
DA:47,0
DA:48,0
DA:52,1
DA:53,1
DA:54,1
DA:55,1
DA:56,1
DA:60,0
DA:61,0
DA:65,2
DA:67,2
DA:69,2
DA:77,2
DA:86,2
DA:87,2
DA:88,2
DA:89,2
DA:90,4
DA:92,2
DA:93,4
DA:94,2
DA:97,2
DA:98,2
DA:99,2
DA:102,4
DA:103,2
DA:104,4
DA:105,2
DA:106,4
DA:111,2
DA:113,2
DA:123,2
DA:125,2
LF:49
LH:41
end_of_record
SF:lib/pages/detalle_transfer.dart
DA:11,1
DA:18,0
DA:22,0
DA:24,0
DA:25,0
DA:26,0
DA:27,0
DA:29,0
DA:35,0
DA:38,0
DA:44,1
DA:46,1
DA:47,1
DA:49,1
DA:50,1
DA:51,0
DA:53,0
DA:54,0
DA:55,0
DA:66,1
DA:67,1
DA:69,1
DA:70,2
DA:75,1
DA:77,1
DA:79,1
DA:81,1
DA:84,1
DA:85,1
DA:86,1
DA:88,1
DA:89,1
DA:90,3
DA:96,1
DA:97,3
DA:101,1
DA:102,4
DA:103,1
DA:107,3
DA:111,1
DA:113,3
DA:115,4
DA:116,1
DA:118,14
DA:120,2
DA:121,3
DA:122,3
DA:123,1
DA:131,1
DA:132,1
DA:134,1
DA:136,1
DA:137,1
DA:138,1
DA:139,1
LF:55
LH:42
end_of_record
SF:lib/pages/form_gastos.dart
DA:11,13
DA:13,1
DA:14,1
DA:27,1
DA:29,1
DA:30,2
DA:33,2
DA:34,6
DA:35,5
DA:36,4
DA:39,5
DA:40,4
DA:43,5
DA:44,4
DA:47,3
DA:51,1
DA:52,3
DA:53,1
DA:54,3
DA:56,3
DA:57,2
DA:58,1
DA:59,1
DA:62,1
DA:65,2
DA:66,2
DA:69,2
DA:71,0
DA:74,1
DA:78,0
DA:79,0
DA:83,0
DA:84,0
DA:85,0
DA:92,1
DA:94,1
DA:97,1
DA:100,1
DA:102,0
DA:109,1
DA:110,1
DA:111,1
DA:117,1
DA:119,1
DA:120,1
DA:121,1
DA:123,1
DA:125,1
DA:126,1
DA:128,1
DA:129,1
DA:131,1
DA:132,1
DA:134,1
DA:135,1
DA:142,1
DA:145,4
DA:146,1
DA:148,4
DA:149,1
DA:151,1
DA:152,1
DA:155,1
DA:156,1
DA:157,1
DA:164,1
DA:165,1
DA:177,1
DA:180,1
DA:181,2
DA:199,1
DA:200,1
DA:202,1
DA:203,1
DA:204,1
DA:205,2
DA:207,1
DA:208,1
DA:213,3
DA:214,1
DA:216,1
DA:217,1
DA:218,2
DA:220,2
DA:224,1
DA:225,1
DA:227,3
DA:234,1
DA:235,1
DA:236,1
DA:237,1
DA:238,1
DA:239,1
DA:242,1
DA:244,1
DA:245,1
DA:246,1
DA:247,2
DA:249,1
DA:250,1
DA:251,2
DA:254,1
DA:255,1
DA:263,1
DA:265,1
DA:266,1
DA:267,1
DA:268,2
DA:276,1
DA:277,1
DA:278,1
DA:279,1
DA:280,1
DA:281,2
DA:283,1
DA:284,1
DA:285,1
DA:286,1
DA:287,1
DA:288,1
DA:289,1
DA:292,3
DA:295,1
DA:297,1
DA:299,1
DA:300,1
DA:301,8
DA:304,2
DA:312,1
DA:313,1
DA:314,1
DA:316,1
DA:318,1
DA:319,1
DA:320,1
DA:321,2
DA:323,1
DA:324,1
DA:325,2
DA:328,1
DA:329,1
DA:337,1
DA:338,1
DA:340,1
DA:342,1
DA:343,1
DA:351,1
DA:366,2
LF:148
LH:141
end_of_record
SF:lib/pages/form_ingresos.dart
DA:11,13
DA:13,1
DA:14,1
DA:26,1
DA:28,1
DA:29,2
DA:32,2
DA:33,6
DA:34,5
DA:35,4
DA:38,5
DA:39,4
DA:42,5
DA:43,4
DA:46,3
DA:50,1
DA:51,3
DA:52,0
DA:53,0
DA:55,0
DA:56,0
DA:57,0
DA:58,0
DA:61,0
DA:64,0
DA:65,0
DA:68,0
DA:70,0
DA:73,0
DA:77,0
DA:78,0
DA:82,0
DA:83,0
DA:84,0
DA:85,0
DA:92,1
DA:94,1
DA:97,1
DA:100,1
DA:102,2
DA:109,1
DA:110,1
DA:111,1
DA:117,1
DA:119,1
DA:120,1
DA:121,1
DA:123,1
DA:125,1
DA:126,1
DA:128,1
DA:129,1
DA:131,1
DA:132,1
DA:134,1
DA:135,1
DA:142,1
DA:145,4
DA:146,1
DA:148,4
DA:149,1
DA:151,1
DA:152,1
DA:155,1
DA:156,1
DA:157,1
DA:164,1
DA:165,1
DA:175,1
DA:178,1
DA:179,0
DA:197,1
DA:198,1
DA:200,1
DA:201,1
DA:202,1
DA:203,2
DA:205,1
DA:206,1
DA:211,3
DA:212,1
DA:214,1
DA:215,1
DA:216,2
DA:218,2
DA:222,1
DA:223,1
DA:225,3
DA:232,1
DA:233,1
DA:234,1
DA:235,1
DA:236,1
DA:237,1
DA:240,1
DA:242,1
DA:243,1
DA:244,1
DA:245,2
DA:247,1
DA:248,1
DA:249,2
DA:252,1
DA:253,1
DA:261,1
DA:263,1
DA:264,1
DA:265,1
DA:266,2
DA:274,1
DA:275,1
DA:276,1
DA:277,1
DA:278,1
DA:279,2
DA:281,1
DA:282,1
DA:283,1
DA:284,1
DA:285,1
DA:286,1
DA:287,1
DA:290,3
DA:293,1
DA:295,1
DA:297,1
DA:298,1
DA:299,8
DA:302,2
DA:310,1
DA:311,1
DA:312,1
DA:314,1
DA:316,1
DA:317,1
DA:318,1
DA:319,2
DA:321,1
DA:322,1
DA:323,2
DA:326,1
DA:327,1
DA:335,1
DA:336,1
DA:338,1
DA:340,1
DA:341,1
DA:349,1
DA:364,2
LF:149
LH:130
end_of_record
