SF:lib\Modelos\categoria.dart
DA:6,6
DA:13,2
DA:14,2
DA:15,2
DA:16,2
DA:17,2
DA:22,2
DA:23,2
DA:24,2
DA:25,2
DA:26,2
LF:11
LH:11
end_of_record
SF:lib\Modelos\categoria_service.dart
DA:5,9
DA:6,3
DA:7,3
DA:8,3
DA:9,3
DA:10,3
DA:11,3
DA:12,3
DA:13,3
DA:14,3
DA:19,3
DA:20,3
DA:21,3
DA:24,9
DA:25,3
DA:26,3
DA:27,3
DA:28,3
DA:29,3
DA:30,3
DA:31,3
DA:32,3
DA:33,3
DA:34,3
DA:35,3
DA:36,3
DA:37,3
DA:38,3
DA:39,3
DA:40,3
DA:41,3
DA:42,3
DA:43,3
DA:44,3
DA:45,3
DA:46,3
DA:47,3
DA:48,3
DA:52,9
DA:55,1
DA:56,1
DA:57,1
DA:58,2
DA:62,1
DA:63,1
DA:64,1
DA:65,2
DA:70,1
DA:71,1
DA:72,1
DA:73,1
DA:74,1
DA:79,0
DA:80,0
DA:81,0
DA:83,0
DA:88,1
DA:89,2
DA:93,1
DA:98,2
DA:99,4
DA:101,2
DA:102,4
DA:108,2
DA:109,4
DA:111,2
DA:112,0
DA:119,0
DA:120,0
DA:124,0
DA:125,0
DA:126,0
DA:130,0
DA:131,0
DA:132,0
LF:75
LH:62
end_of_record
SF:lib\Modelos\transaccion.dart
DA:11,2
DA:20,1
DA:21,1
DA:22,1
DA:23,1
DA:24,1
DA:25,2
DA:26,2
DA:27,1
DA:31,1
DA:32,1
DA:33,1
DA:34,1
DA:35,1
DA:36,1
DA:37,2
DA:38,1
DA:42,1
DA:43,1
DA:44,1
DA:45,1
DA:46,1
DA:47,2
DA:48,2
DA:49,1
LF:25
LH:25
end_of_record
SF:lib\pages\categoria_form.dart
DA:8,3
DA:10,2
DA:11,2
DA:26,2
DA:28,2
DA:29,4
DA:30,5
DA:31,4
DA:32,4
DA:36,1
DA:37,3
DA:38,1
DA:39,2
DA:40,1
DA:41,1
DA:45,2
DA:47,3
DA:49,0
DA:52,0
DA:54,3
DA:63,1
DA:64,3
DA:67,2
DA:72,2
DA:74,2
DA:77,2
DA:80,2
DA:82,0
DA:89,2
DA:90,2
DA:91,2
DA:97,2
DA:99,2
DA:100,2
DA:101,2
DA:103,2
DA:105,2
DA:106,2
DA:108,2
DA:109,2
DA:111,2
DA:112,2
DA:119,2
DA:122,8
DA:123,2
DA:125,8
DA:126,2
DA:128,2
DA:129,2
DA:132,2
DA:133,2
DA:134,2
DA:136,2
DA:137,2
DA:147,2
DA:150,2
DA:151,0
DA:167,2
DA:168,2
DA:169,2
DA:171,2
DA:173,2
DA:174,2
DA:175,2
DA:176,4
DA:178,2
DA:179,2
DA:180,4
DA:183,1
DA:184,1
DA:192,2
DA:193,2
DA:195,2
DA:196,2
DA:197,2
DA:198,4
DA:200,2
DA:201,2
DA:205,6
DA:206,2
DA:208,2
DA:209,2
DA:213,2
DA:214,0
DA:216,0
DA:223,2
DA:224,2
DA:226,2
DA:227,2
DA:228,2
DA:229,4
DA:231,2
DA:232,2
DA:236,6
DA:237,2
DA:239,2
DA:241,2
DA:242,0
DA:244,0
DA:251,2
DA:252,2
DA:254,2
DA:256,2
DA:257,2
LF:104
LH:96
end_of_record
SF:lib\pages\categorias_pages.dart
DA:7,1
DA:9,1
DA:10,1
DA:16,1
DA:18,1
DA:19,1
DA:22,1
DA:23,2
DA:24,2
DA:28,0
DA:30,0
DA:31,0
DA:40,0
DA:41,0
DA:42,0
DA:43,0
DA:47,0
DA:48,0
DA:52,1
DA:53,1
DA:54,1
DA:55,1
DA:56,1
DA:60,0
DA:61,0
DA:65,1
DA:67,1
DA:69,1
DA:77,1
DA:86,1
DA:87,1
DA:88,1
DA:89,1
DA:90,2
DA:92,1
DA:93,2
DA:94,1
DA:97,1
DA:98,1
DA:99,1
DA:102,2
DA:103,1
DA:104,2
DA:105,1
DA:106,2
DA:111,1
DA:113,0
DA:123,1
DA:125,1
LF:49
LH:37
end_of_record
SF:lib\Servicios\database_helper.dart
DA:7,3
DA:10,2
DA:12,1
DA:14,1
DA:15,1
DA:19,1
DA:20,2
DA:21,2
DA:24,0
DA:25,0
DA:39,1
DA:40,1
DA:41,2
DA:42,1
DA:43,1
DA:44,1
DA:45,2
DA:46,1
DA:47,2
DA:48,2
DA:49,2
DA:53,1
DA:54,1
DA:55,1
DA:57,3
DA:58,1
DA:59,2
DA:60,2
DA:61,2
DA:62,3
DA:63,2
DA:64,1
DA:65,2
DA:66,2
DA:67,2
DA:73,1
DA:74,1
DA:75,2
DA:78,1
DA:79,1
DA:80,1
DA:81,1
DA:82,1
DA:85,1
DA:86,1
DA:87,1
DA:89,1
DA:90,1
DA:91,1
DA:92,2
DA:93,1
DA:94,2
DA:95,2
DA:96,2
DA:99,2
DA:103,1
DA:104,1
DA:106,2
DA:107,3
DA:109,1
DA:112,1
DA:115,3
DA:116,1
DA:117,2
DA:118,2
DA:119,2
DA:120,3
DA:121,2
DA:122,1
DA:123,2
DA:124,2
DA:125,2
DA:130,0
DA:131,0
LF:74
LH:70
end_of_record
